<?xml version="1.0" encoding="UTF-8"?>
<!-- Generated by org.testng.reporters.JUnitXMLReporter -->
<testsuite hostname="DESKTOP-27L8JE7" ignored="0" name="Default test" tests="4" failures="0" timestamp="25 May 2021 12:10:19 GMT" time="158.973" errors="0">
  <testcase name="test1" time="38.515" classname="grid.GridDemo"/>
  <testcase name="test2" time="40.083" classname="grid.GridDemo"/>
  <testcase name="test3" time="36.574" classname="grid.GridDemo"/>
  <testcase name="test4" time="43.688" classname="grid.GridDemo"/>
</testsuite> <!-- Default test -->
