<?xml version="1.0" encoding="UTF-8"?>
<!-- Generated by org.testng.reporters.JUnitXMLReporter -->
<testsuite hostname="DESKTOP-27L8JE7" ignored="0" name="FirefoxTest" tests="4" failures="1" timestamp="24 Apr 2021 12:46:39 GMT" time="125.05" errors="0">
  <testcase name="linktesting1" time="2.449" classname="com.project.April6PMMavenBuild.LinksTesting1">
    <failure type="java.lang.AssertionError" message="expected [???? ?????] but found [Google Images]">
      <![CDATA[java.lang.AssertionError: expected [???? ?????] but found [Google Images]
at com.project.April6PMMavenBuild.LinksTesting1.linktesting1(LinksTesting1.java:46)
... Removed 31 stack frames]]>
    </failure>
  </testcase> <!-- linktesting1 -->
  <testcase name="amazon" time="3.466" classname="com.project.April6PMMavenBuild.TNG_002"/>
  <testcase name="radioButtonTest" time="0.403" classname="com.project.April6PMMavenBuild.RadioButton1"/>
  <testcase name="checkboxTest" time="1.609" classname="com.project.April6PMMavenBuild.CheckBox1"/>
</testsuite> <!-- FirefoxTest -->
